[2025-01-08T12:43:29.269Z] INFO: MongoDB connected successfully
[2025-01-08T12:47:07.048Z] INFO: MongoDB connected successfully
[2025-01-08T12:47:28.499Z] INFO: MongoDB connected successfully
[2025-01-08T12:47:30.801Z] INFO: ::1 - - [08/Jan/2025:12:47:30 +0000] "POST /register HTTP/1.1" 201 43 "-" "PostmanRuntime/7.43.0"
[2025-01-08T12:47:34.303Z] INFO: ::1 - - [08/Jan/2025:12:47:34 +0000] "POST /register HTTP/1.1" 201 43 "-" "PostmanRuntime/7.43.0"
[2025-01-08T12:47:36.146Z] INFO: ::1 - - [08/Jan/2025:12:47:36 +0000] "POST /register HTTP/1.1" 201 43 "-" "PostmanRuntime/7.43.0"
[2025-01-08T12:48:58.921Z] INFO: MongoDB connected successfully
[2025-01-08T12:49:17.728Z] INFO: MongoDB connected successfully
[2025-01-08T12:49:19.663Z] WARN: Attempt to register with an already registered email: muhammadbudisetiawan23@gmail.com
[2025-01-08T12:49:19.673Z] INFO: ::1 - - [08/Jan/2025:12:49:19 +0000] "POST /register HTTP/1.1" 400 65 "-" "PostmanRuntime/7.43.0"
[2025-01-08T12:49:22.343Z] WARN: Attempt to register with an already registered email: muhammadbudisetiawan23@gmail.com
[2025-01-08T12:49:22.344Z] INFO: ::1 - - [08/Jan/2025:12:49:22 +0000] "POST /register HTTP/1.1" 400 65 "-" "PostmanRuntime/7.43.0"
[2025-01-08T12:49:23.537Z] WARN: Attempt to register with an already registered email: muhammadbudisetiawan23@gmail.com
[2025-01-08T12:49:23.538Z] INFO: ::1 - - [08/Jan/2025:12:49:23 +0000] "POST /register HTTP/1.1" 400 65 "-" "PostmanRuntime/7.43.0"
[2025-01-08T12:49:34.031Z] INFO: ::1 - - [08/Jan/2025:12:49:34 +0000] "POST /login HTTP/1.1" 200 245 "-" "PostmanRuntime/7.43.0"
[2025-01-08T12:49:36.804Z] INFO: ::1 - - [08/Jan/2025:12:49:36 +0000] "POST /login HTTP/1.1" 200 245 "-" "PostmanRuntime/7.43.0"
[2025-01-08T12:51:42.930Z] INFO: MongoDB connected successfully
[2025-01-08T12:51:46.684Z] INFO: User logged in successfully: muhammadbudisetiawan23@gmail.com
[2025-01-08T12:51:46.689Z] INFO: ::1 - - [08/Jan/2025:12:51:46 +0000] "POST /login HTTP/1.1" 200 274 "-" "PostmanRuntime/7.43.0"
[2025-01-08T12:51:49.068Z] INFO: User logged in successfully: muhammadbudisetiawan23@gmail.com
[2025-01-08T12:51:49.069Z] INFO: ::1 - - [08/Jan/2025:12:51:49 +0000] "POST /login HTTP/1.1" 200 274 "-" "PostmanRuntime/7.43.0"
[2025-01-08T12:51:50.544Z] INFO: User logged in successfully: muhammadbudisetiawan23@gmail.com
[2025-01-08T12:51:50.545Z] INFO: ::1 - - [08/Jan/2025:12:51:50 +0000] "POST /login HTTP/1.1" 200 274 "-" "PostmanRuntime/7.43.0"
[2025-01-08T12:51:51.577Z] INFO: User logged in successfully: muhammadbudisetiawan23@gmail.com
[2025-01-08T12:51:51.578Z] INFO: ::1 - - [08/Jan/2025:12:51:51 +0000] "POST /login HTTP/1.1" 200 274 "-" "PostmanRuntime/7.43.0"
[2025-01-08T12:52:35.782Z] INFO: MongoDB connected successfully
[2025-01-08T12:53:10.123Z] INFO: MongoDB connected successfully
[2025-01-08T12:53:13.699Z] INFO: User logged in successfully: muhammadbudisetiawan23@gmail.com
[2025-01-08T12:53:13.703Z] INFO: ::1 - - [08/Jan/2025:12:53:13 +0000] "POST /login HTTP/1.1" 200 30 "-" "PostmanRuntime/7.43.0"
[2025-01-08T12:53:55.055Z] INFO: ::1 - - [08/Jan/2025:12:53:55 +0000] "GET /transactions/ HTTP/1.1" 401 28 "-" "PostmanRuntime/7.43.0"
[2025-01-08T12:53:57.241Z] INFO: ::1 - - [08/Jan/2025:12:53:57 +0000] "GET /transactions/ HTTP/1.1" 401 28 "-" "PostmanRuntime/7.43.0"
[2025-01-08T12:54:06.823Z] INFO: ::1 - - [08/Jan/2025:12:54:06 +0000] "GET /transactions/ HTTP/1.1" 401 28 "-" "PostmanRuntime/7.43.0"
[2025-01-08T12:55:10.931Z] INFO: ::1 - - [08/Jan/2025:12:55:10 +0000] "GET /transactions/ HTTP/1.1" 401 28 "-" "PostmanRuntime/7.43.0"
[2025-01-08T12:55:21.206Z] INFO: ::1 - - [08/Jan/2025:12:55:21 +0000] "GET /transactions/ HTTP/1.1" 401 28 "-" "PostmanRuntime/7.43.0"
[2025-01-08T12:55:27.812Z] INFO: ::1 - - [08/Jan/2025:12:55:27 +0000] "GET /transactions/ HTTP/1.1" 401 28 "-" "PostmanRuntime/7.43.0"
[2025-01-08T12:56:47.430Z] INFO: ::1 - - [08/Jan/2025:12:56:47 +0000] "GET /transactions/ HTTP/1.1" 400 27 "-" "PostmanRuntime/7.43.0"
[2025-01-08T12:56:54.244Z] INFO: ::1 - - [08/Jan/2025:12:56:54 +0000] "GET /transactions/ HTTP/1.1" 400 27 "-" "PostmanRuntime/7.43.0"
[2025-01-08T12:57:27.399Z] INFO: ::1 - - [08/Jan/2025:12:57:27 +0000] "GET /transactions/ HTTP/1.1" 401 28 "-" "PostmanRuntime/7.43.0"
[2025-01-08T12:57:28.851Z] INFO: ::1 - - [08/Jan/2025:12:57:28 +0000] "GET /transactions/ HTTP/1.1" 401 28 "-" "PostmanRuntime/7.43.0"
[2025-01-08T12:57:42.003Z] INFO: ::1 - - [08/Jan/2025:12:57:42 +0000] "GET /transactions/ HTTP/1.1" 400 27 "-" "PostmanRuntime/7.43.0"
[2025-01-08T13:00:49.432Z] INFO: ::1 - - [08/Jan/2025:13:00:49 +0000] "GET /transactions/ HTTP/1.1" 401 28 "-" "PostmanRuntime/7.43.0"
[2025-01-08T13:00:50.752Z] INFO: ::1 - - [08/Jan/2025:13:00:50 +0000] "GET /transactions/ HTTP/1.1" 401 28 "-" "PostmanRuntime/7.43.0"
[2025-01-08T13:01:18.641Z] INFO: ::1 - - [08/Jan/2025:13:01:18 +0000] "GET /transactions/ HTTP/1.1" 400 27 "-" "PostmanRuntime/7.43.0"
[2025-01-08T13:01:43.229Z] INFO: ::1 - - [08/Jan/2025:13:01:43 +0000] "GET /transactions/ HTTP/1.1" 400 27 "-" "PostmanRuntime/7.43.0"
[2025-01-08T13:03:50.193Z] INFO: ::1 - - [08/Jan/2025:13:03:50 +0000] "GET /transactions/ HTTP/1.1" 400 27 "-" "PostmanRuntime/7.43.0"
[2025-01-08T13:03:51.607Z] INFO: ::1 - - [08/Jan/2025:13:03:51 +0000] "GET /transactions/ HTTP/1.1" 400 27 "-" "PostmanRuntime/7.43.0"
[2025-01-08T13:04:05.747Z] INFO: ::1 - - [08/Jan/2025:13:04:05 +0000] "GET /transactions/ HTTP/1.1" 400 27 "-" "PostmanRuntime/7.43.0"
[2025-01-08T13:04:57.271Z] INFO: MongoDB connected successfully
[2025-01-08T13:05:01.684Z] INFO: ::1 - - [08/Jan/2025:13:05:01 +0000] "GET /transactions/ HTTP/1.1" 200 18 "-" "PostmanRuntime/7.43.0"
[2025-01-08T13:06:15.226Z] INFO: MongoDB connected successfully
[2025-01-08T13:06:18.881Z] ERROR: Unexpected error during token verification: jwt is not defined
[2025-01-08T13:06:18.886Z] INFO: ::1 - - [08/Jan/2025:13:06:18 +0000] "GET /transactions/ HTTP/1.1" 500 67 "-" "PostmanRuntime/7.43.0"
[2025-01-08T13:06:26.598Z] ERROR: Unexpected error during token verification: jwt is not defined
[2025-01-08T13:06:26.599Z] INFO: ::1 - - [08/Jan/2025:13:06:26 +0000] "GET /transactions/ HTTP/1.1" 500 67 "-" "PostmanRuntime/7.43.0"
[2025-01-08T13:06:41.444Z] ERROR: Unexpected error during token verification: jwt is not defined
[2025-01-08T13:06:41.445Z] INFO: ::1 - - [08/Jan/2025:13:06:41 +0000] "GET /transactions/ HTTP/1.1" 500 67 "-" "PostmanRuntime/7.43.0"
[2025-01-08T13:06:45.953Z] INFO: MongoDB connected successfully
[2025-01-08T13:06:48.036Z] INFO: ::1 - - [08/Jan/2025:13:06:48 +0000] "GET /transactions/ HTTP/1.1" 200 18 "-" "PostmanRuntime/7.43.0"
[2025-01-08T13:07:13.578Z] INFO: MongoDB connected successfully
[2025-01-08T13:07:18.951Z] INFO: User authenticated successfully: muhammadbudisetiawan23@gmail.com
[2025-01-08T13:07:18.979Z] INFO: ::1 - - [08/Jan/2025:13:07:18 +0000] "GET /transactions/ HTTP/1.1" 200 18 "-" "PostmanRuntime/7.43.0"
[2025-01-08T13:07:22.405Z] INFO: User authenticated successfully: muhammadbudisetiawan23@gmail.com
[2025-01-08T13:07:22.409Z] INFO: ::1 - - [08/Jan/2025:13:07:22 +0000] "GET /transactions/ HTTP/1.1" 200 18 "-" "PostmanRuntime/7.43.0"
[2025-01-08T13:07:23.683Z] INFO: User authenticated successfully: muhammadbudisetiawan23@gmail.com
[2025-01-08T13:07:23.686Z] INFO: ::1 - - [08/Jan/2025:13:07:23 +0000] "GET /transactions/ HTTP/1.1" 200 18 "-" "PostmanRuntime/7.43.0"
[2025-01-08T13:07:24.675Z] INFO: User authenticated successfully: muhammadbudisetiawan23@gmail.com
[2025-01-08T13:07:24.679Z] INFO: ::1 - - [08/Jan/2025:13:07:24 +0000] "GET /transactions/ HTTP/1.1" 200 18 "-" "PostmanRuntime/7.43.0"
[2025-01-08T13:07:26.097Z] INFO: User authenticated successfully: muhammadbudisetiawan23@gmail.com
[2025-01-08T13:07:26.100Z] INFO: ::1 - - [08/Jan/2025:13:07:26 +0000] "GET /transactions/ HTTP/1.1" 200 18 "-" "PostmanRuntime/7.43.0"
[2025-01-08T13:07:27.769Z] INFO: User authenticated successfully: muhammadbudisetiawan23@gmail.com
[2025-01-08T13:07:27.773Z] INFO: ::1 - - [08/Jan/2025:13:07:27 +0000] "GET /transactions/ HTTP/1.1" 200 18 "-" "PostmanRuntime/7.43.0"
[2025-01-08T13:08:20.543Z] INFO: MongoDB connected successfully
[2025-01-08T13:09:22.054Z] INFO: MongoDB connected successfully
[2025-01-08T13:09:25.540Z] INFO: User authenticated successfully: muhammadbudisetiawan23@gmail.com
[2025-01-08T13:09:25.550Z] INFO: No transactions found for user: 677e743d83fc2bda3ce212b0
[2025-01-08T13:09:25.556Z] INFO: ::1 - - [08/Jan/2025:13:09:25 +0000] "GET /transactions/ HTTP/1.1" 404 49 "-" "PostmanRuntime/7.43.0"
[2025-01-08T13:09:41.297Z] INFO: User authenticated successfully: muhammadbudisetiawan23@gmail.com
[2025-01-08T13:09:41.307Z] INFO: ::1 - - [08/Jan/2025:13:09:41 +0000] "POST /transactions/ HTTP/1.1" 400 143 "-" "PostmanRuntime/7.43.0"
[2025-01-08T13:10:55.138Z] INFO: User authenticated successfully: muhammadbudisetiawan23@gmail.com
[2025-01-08T13:10:55.140Z] INFO: ::1 - - [08/Jan/2025:13:10:55 +0000] "POST /transactions/ HTTP/1.1" 400 75 "-" "PostmanRuntime/7.43.0"
[2025-01-08T13:11:21.233Z] INFO: User authenticated successfully: muhammadbudisetiawan23@gmail.com
[2025-01-08T13:11:21.242Z] INFO: ::1 - - [08/Jan/2025:13:11:21 +0000] "POST /transactions/ HTTP/1.1" 201 232 "-" "PostmanRuntime/7.43.0"
[2025-01-08T13:11:41.456Z] INFO: User authenticated successfully: muhammadbudisetiawan23@gmail.com
[2025-01-08T13:11:41.460Z] INFO: Fetched 1 transactions for user: 677e743d83fc2bda3ce212b0
[2025-01-08T13:11:41.461Z] INFO: ::1 - - [08/Jan/2025:13:11:41 +0000] "GET /transactions/ HTTP/1.1" 200 187 "-" "PostmanRuntime/7.43.0"
[2025-01-08T13:13:05.438Z] INFO: MongoDB connected successfully
[2025-01-08T13:13:11.897Z] INFO: User authenticated successfully: muhammadbudisetiawan23@gmail.com
[2025-01-08T13:13:11.923Z] INFO: Transaction created successfully for user: 677e743d83fc2bda3ce212b0, transaction ID: 677e79e71d33154d4f31e83f
[2025-01-08T13:13:11.931Z] INFO: ::1 - - [08/Jan/2025:13:13:11 +0000] "POST /transactions/ HTTP/1.1" 201 230 "-" "PostmanRuntime/7.43.0"
[2025-01-08T13:13:28.584Z] INFO: User authenticated successfully: muhammadbudisetiawan23@gmail.com
[2025-01-08T13:13:28.598Z] INFO: ::1 - - [08/Jan/2025:13:13:28 +0000] "GET /transactions/677e743d83fc2bda3ce212b0 HTTP/1.1" 200 20 "-" "PostmanRuntime/7.43.0"
[2025-01-08T13:13:33.779Z] INFO: User authenticated successfully: muhammadbudisetiawan23@gmail.com
[2025-01-08T13:13:33.782Z] INFO: ::1 - - [08/Jan/2025:13:13:33 +0000] "GET /transactions/677e743d83fc2bda3ce212b0 HTTP/1.1" 200 20 "-" "PostmanRuntime/7.43.0"
[2025-01-08T13:13:56.747Z] INFO: User authenticated successfully: muhammadbudisetiawan23@gmail.com
[2025-01-08T13:13:56.751Z] INFO: ::1 - - [08/Jan/2025:13:13:56 +0000] "GET /transactions/677e743d83fc2bda3ce212b0 HTTP/1.1" 200 20 "-" "PostmanRuntime/7.43.0"
[2025-01-08T13:13:59.587Z] INFO: User authenticated successfully: muhammadbudisetiawan23@gmail.com
[2025-01-08T13:13:59.590Z] INFO: ::1 - - [08/Jan/2025:13:13:59 +0000] "GET /transactions/677e743d83fc2bda3ce212b0 HTTP/1.1" 200 20 "-" "PostmanRuntime/7.43.0"
[2025-01-08T13:14:00.548Z] INFO: User authenticated successfully: muhammadbudisetiawan23@gmail.com
[2025-01-08T13:14:00.551Z] INFO: ::1 - - [08/Jan/2025:13:14:00 +0000] "GET /transactions/677e743d83fc2bda3ce212b0 HTTP/1.1" 200 20 "-" "PostmanRuntime/7.43.0"
[2025-01-08T13:14:04.245Z] INFO: User authenticated successfully: muhammadbudisetiawan23@gmail.com
[2025-01-08T13:14:04.248Z] INFO: ::1 - - [08/Jan/2025:13:14:04 +0000] "GET /transactions/677e743d83fc2bda3ce212b0 HTTP/1.1" 200 20 "-" "PostmanRuntime/7.43.0"
[2025-01-08T13:14:15.675Z] INFO: User authenticated successfully: muhammadbudisetiawan23@gmail.com
[2025-01-08T13:14:15.678Z] INFO: ::1 - - [08/Jan/2025:13:14:15 +0000] "GET /transactions/677e743d83fc2bda3ce212b0 HTTP/1.1" 200 20 "-" "PostmanRuntime/7.43.0"
[2025-01-08T13:18:26.545Z] INFO: User authenticated successfully: muhammadbudisetiawan23@gmail.com
[2025-01-08T13:18:26.548Z] INFO: ::1 - - [08/Jan/2025:13:18:26 +0000] "GET /transactions/677e743d83fc2bda3ce212b0 HTTP/1.1" 200 20 "-" "PostmanRuntime/7.43.0"
[2025-01-08T13:18:30.994Z] INFO: MongoDB connected successfully
[2025-01-08T13:18:33.165Z] INFO: User authenticated successfully: muhammadbudisetiawan23@gmail.com
[2025-01-08T13:18:33.190Z] INFO: Transaction not found for user: 677e743d83fc2bda3ce212b0, transaction ID: 677e743d83fc2bda3ce212b0
[2025-01-08T13:18:33.198Z] INFO: ::1 - - [08/Jan/2025:13:18:33 +0000] "GET /transactions/677e743d83fc2bda3ce212b0 HTTP/1.1" 404 36 "-" "PostmanRuntime/7.43.0"
[2025-01-08T13:18:52.439Z] INFO: User authenticated successfully: muhammadbudisetiawan23@gmail.com
[2025-01-08T13:18:52.448Z] INFO: Transaction retrieved successfully for user: 677e743d83fc2bda3ce212b0, transaction ID: 677e797933a142695591d218
[2025-01-08T13:18:52.452Z] INFO: ::1 - - [08/Jan/2025:13:18:52 +0000] "GET /transactions/677e797933a142695591d218 HTTP/1.1" 200 184 "-" "PostmanRuntime/7.43.0"
[2025-01-08T13:23:09.873Z] INFO: MongoDB connected successfully
[2025-01-08T13:23:19.658Z] INFO: User authenticated successfully: muhammadbudisetiawan23@gmail.com
[2025-01-08T13:23:19.675Z] INFO: Transaction updated successfully for user: 677e743d83fc2bda3ce212b0, transaction ID: 677e797933a142695591d218
[2025-01-08T13:23:19.682Z] INFO: ::1 - - [08/Jan/2025:13:23:19 +0000] "PUT /transactions/677e797933a142695591d218 HTTP/1.1" 200 230 "-" "PostmanRuntime/7.43.0"
[2025-01-08T13:23:24.992Z] INFO: User authenticated successfully: muhammadbudisetiawan23@gmail.com
[2025-01-08T13:23:24.995Z] INFO: Transaction updated successfully for user: 677e743d83fc2bda3ce212b0, transaction ID: 677e797933a142695591d218
[2025-01-08T13:23:24.996Z] INFO: ::1 - - [08/Jan/2025:13:23:24 +0000] "PUT /transactions/677e797933a142695591d218 HTTP/1.1" 200 230 "-" "PostmanRuntime/7.43.0"
[2025-01-08T13:24:41.734Z] INFO: User authenticated successfully: muhammadbudisetiawan23@gmail.com
[2025-01-08T13:24:41.737Z] WARN: Invalid transaction ID format: 677e797933a142695591d21
[2025-01-08T13:24:41.738Z] INFO: ::1 - - [08/Jan/2025:13:24:41 +0000] "PUT /transactions/677e797933a142695591d21 HTTP/1.1" 400 44 "-" "PostmanRuntime/7.43.0"
[2025-01-08T13:24:46.893Z] INFO: User authenticated successfully: muhammadbudisetiawan23@gmail.com
[2025-01-08T13:24:46.896Z] INFO: Transaction not found for user: 677e743d83fc2bda3ce212b0, transaction ID: 677e797933a142695591d21e
[2025-01-08T13:24:46.897Z] INFO: ::1 - - [08/Jan/2025:13:24:46 +0000] "PUT /transactions/677e797933a142695591d21e HTTP/1.1" 404 36 "-" "PostmanRuntime/7.43.0"
[2025-01-08T13:24:51.388Z] INFO: User authenticated successfully: muhammadbudisetiawan23@gmail.com
[2025-01-08T13:24:51.391Z] INFO: Transaction updated successfully for user: 677e743d83fc2bda3ce212b0, transaction ID: 677e797933a142695591d218
[2025-01-08T13:24:51.392Z] INFO: ::1 - - [08/Jan/2025:13:24:51 +0000] "PUT /transactions/677e797933a142695591d218 HTTP/1.1" 200 230 "-" "PostmanRuntime/7.43.0"
[2025-01-08T13:26:05.757Z] INFO: MongoDB connected successfully
[2025-01-08T13:26:13.039Z] INFO: User authenticated successfully: muhammadbudisetiawan23@gmail.com
[2025-01-08T13:26:13.066Z] INFO: Transaction deleted successfully for user: 677e743d83fc2bda3ce212b0, transaction ID: 677e797933a142695591d218
[2025-01-08T13:26:13.076Z] INFO: ::1 - - [08/Jan/2025:13:26:13 +0000] "DELETE /transactions/677e797933a142695591d218 HTTP/1.1" 200 47 "-" "PostmanRuntime/7.43.0"
[2025-01-08T13:26:17.962Z] INFO: User authenticated successfully: muhammadbudisetiawan23@gmail.com
[2025-01-08T13:26:17.966Z] INFO: Transaction not found for user: 677e743d83fc2bda3ce212b0, transaction ID: 677e797933a142695591d218
[2025-01-08T13:26:17.968Z] INFO: ::1 - - [08/Jan/2025:13:26:17 +0000] "DELETE /transactions/677e797933a142695591d218 HTTP/1.1" 404 36 "-" "PostmanRuntime/7.43.0"
[2025-01-08T13:29:15.448Z] INFO: MongoDB connected successfully
[2025-01-08T13:29:37.849Z] INFO: MongoDB connected successfully
[2025-01-08T13:29:50.432Z] INFO: User authenticated successfully: muhammadbudisetiawan23@gmail.com
[2025-01-08T13:29:50.459Z] INFO: ::1 - - [08/Jan/2025:13:29:50 +0000] "GET /budgets/ HTTP/1.1" 200 14 "-" "PostmanRuntime/7.43.0"
[2025-01-08T13:30:16.692Z] INFO: MongoDB connected successfully
[2025-01-08T13:30:19.374Z] INFO: User authenticated successfully: muhammadbudisetiawan23@gmail.com
[2025-01-08T13:30:34.949Z] INFO: MongoDB connected successfully
[2025-01-08T13:30:36.890Z] INFO: User authenticated successfully: muhammadbudisetiawan23@gmail.com
[2025-01-08T13:30:36.908Z] INFO: No budgets found for user: 677e743d83fc2bda3ce212b0
[2025-01-08T13:30:36.916Z] INFO: ::1 - - [08/Jan/2025:13:30:36 +0000] "GET /budgets/ HTTP/1.1" 404 31 "-" "PostmanRuntime/7.43.0"
[2025-01-08T13:32:39.857Z] INFO: MongoDB connected successfully
[2025-01-08T13:32:44.060Z] INFO: User authenticated successfully: muhammadbudisetiawan23@gmail.com
[2025-01-08T13:32:44.078Z] INFO: No budgets found for user: 677e743d83fc2bda3ce212b0
[2025-01-08T13:32:44.086Z] INFO: ::1 - - [08/Jan/2025:13:32:44 +0000] "GET /budgets/ HTTP/1.1" 404 31 "-" "PostmanRuntime/7.43.0"
[2025-01-08T13:33:11.974Z] INFO: User authenticated successfully: muhammadbudisetiawan23@gmail.com
[2025-01-08T13:33:11.989Z] INFO: Budget created successfully for user: 677e743d83fc2bda3ce212b0, budget ID: 677e7e9706dc867f1c2349f3
[2025-01-08T13:33:11.991Z] INFO: ::1 - - [08/Jan/2025:13:33:11 +0000] "POST /budgets/ HTTP/1.1" 201 158 "-" "PostmanRuntime/7.43.0"
[2025-01-08T13:33:19.012Z] INFO: User authenticated successfully: muhammadbudisetiawan23@gmail.com
[2025-01-08T13:33:19.017Z] INFO: Fetched 1 budgets for user: 677e743d83fc2bda3ce212b0
[2025-01-08T13:33:19.018Z] INFO: ::1 - - [08/Jan/2025:13:33:19 +0000] "GET /budgets/ HTTP/1.1" 200 120 "-" "PostmanRuntime/7.43.0"
[2025-01-08T13:33:24.989Z] INFO: User authenticated successfully: muhammadbudisetiawan23@gmail.com
[2025-01-08T13:33:24.993Z] INFO: Budget created successfully for user: 677e743d83fc2bda3ce212b0, budget ID: 677e7ea406dc867f1c2349f6
[2025-01-08T13:33:24.994Z] INFO: ::1 - - [08/Jan/2025:13:33:24 +0000] "POST /budgets/ HTTP/1.1" 201 158 "-" "PostmanRuntime/7.43.0"
[2025-01-08T13:33:27.000Z] INFO: User authenticated successfully: muhammadbudisetiawan23@gmail.com
[2025-01-08T13:33:27.004Z] INFO: Budget created successfully for user: 677e743d83fc2bda3ce212b0, budget ID: 677e7ea706dc867f1c2349f8
[2025-01-08T13:33:27.005Z] INFO: ::1 - - [08/Jan/2025:13:33:27 +0000] "POST /budgets/ HTTP/1.1" 201 158 "-" "PostmanRuntime/7.43.0"
[2025-01-09T13:13:02.409Z] INFO: MongoDB connected successfully
[2025-01-09T13:13:41.750Z] INFO: User logged in successfully: muhammadbudisetiawan23@gmail.com
[2025-01-09T13:13:41.755Z] INFO: ::1 - - [09/Jan/2025:13:13:41 +0000] "POST /login HTTP/1.1" 200 30 "-" "PostmanRuntime/7.43.0"
[2025-01-09T13:15:22.743Z] WARN: Authentication failed: Token has expired
[2025-01-09T13:15:22.745Z] INFO: ::1 - - [09/Jan/2025:13:15:22 +0000] "POST /transactions HTTP/1.1" 401 53 "-" "PostmanRuntime/7.43.0"
[2025-01-09T13:15:47.606Z] INFO: MongoDB connected successfully
[2025-01-09T13:15:56.883Z] INFO: User logged in successfully: muhammadbudisetiawan23@gmail.com
[2025-01-09T13:15:56.887Z] INFO: ::1 - - [09/Jan/2025:13:15:56 +0000] "POST /login HTTP/1.1" 200 30 "-" "PostmanRuntime/7.43.0"
[2025-01-09T13:16:24.285Z] WARN: Authentication failed: Token has expired
[2025-01-09T13:16:24.287Z] INFO: ::1 - - [09/Jan/2025:13:16:24 +0000] "POST /transactions HTTP/1.1" 401 53 "-" "PostmanRuntime/7.43.0"
[2025-01-09T13:16:44.863Z] INFO: User authenticated successfully: muhammadbudisetiawan23@gmail.com
[2025-01-09T13:16:44.888Z] INFO: Transaction created successfully for user: 677e743d83fc2bda3ce212b0, transaction ID: 677fcc3cf4a94b11b86a2443
[2025-01-09T13:16:44.890Z] INFO: ::1 - - [09/Jan/2025:13:16:44 +0000] "POST /transactions HTTP/1.1" 201 231 "-" "PostmanRuntime/7.43.0"
[2025-01-09T13:16:59.613Z] INFO: User authenticated successfully: muhammadbudisetiawan23@gmail.com
[2025-01-09T13:16:59.613Z] INFO: Fetching transactions for user: 677e743d83fc2bda3ce212b0 from Wed Jan 01 2025 00:00:00 GMT+0700 (Western Indonesia Time) to Fri Jan 31 2025 00:00:00 GMT+0700 (Western Indonesia Time)
[2025-01-09T13:16:59.617Z] INFO: Fetched 2 transactions for user: 677e743d83fc2bda3ce212b0
[2025-01-09T13:16:59.618Z] INFO: ::1 - - [09/Jan/2025:13:16:59 +0000] "GET /reports/monthly HTTP/1.1" 200 357 "-" "PostmanRuntime/7.43.0"
[2025-01-09T13:17:06.743Z] INFO: User authenticated successfully: muhammadbudisetiawan23@gmail.com
[2025-01-09T13:17:06.746Z] INFO: ::1 - - [09/Jan/2025:13:17:06 +0000] "GET /reports/yearly HTTP/1.1" 201 357 "-" "PostmanRuntime/7.43.0"
[2025-01-11T07:02:25.643Z] INFO: MongoDB connected successfully
